<?xml version="1.0" encoding="UTF-8"?>
<testng-results skipped="0" failed="0" total="1" passed="1">
  <reporter-output>
  </reporter-output>
  <suite name="Default suite" duration-ms="28725" started-at="2015-03-23T14:14:33Z" finished-at="2015-03-23T14:15:01Z">
    <groups>
    </groups>
    <test name="Default test" duration-ms="28725" started-at="2015-03-23T14:14:33Z" finished-at="2015-03-23T14:15:01Z">
      <class name="TestModule1.TestMavenSureFirePlugin">
        <test-method status="PASS" signature="beforeClass()[pri:0, instance:TestModule1.TestMavenSureFirePlugin@726722a6]" name="beforeClass" is-config="true" duration-ms="4409" started-at="2015-03-23T22:14:33Z" finished-at="2015-03-23T22:14:37Z">
          <reporter-output>
          </reporter-output>
        </test-method> <!-- beforeClass -->
        <test-method status="PASS" signature="testLinkCase()[pri:0, instance:TestModule1.TestMavenSureFirePlugin@726722a6]" name="testLinkCase" duration-ms="23162" started-at="2015-03-23T22:14:37Z" finished-at="2015-03-23T22:15:00Z">
          <reporter-output>
          </reporter-output>
        </test-method> <!-- testLinkCase -->
        <test-method status="PASS" signature="quit()[pri:0, instance:TestModule1.TestMavenSureFirePlugin@726722a6]" name="quit" is-config="true" duration-ms="1154" started-at="2015-03-23T22:15:00Z" finished-at="2015-03-23T22:15:01Z">
          <reporter-output>
          </reporter-output>
        </test-method> <!-- quit -->
      </class> <!-- TestModule1.TestMavenSureFirePlugin -->
    </test> <!-- Default test -->
  </suite> <!-- Default suite -->
</testng-results>
